/home/entity/ml_entity_hybrid/target/AllFeatureExp/b005_no_parallel_ws-w-rgx-unk-edg-st-en_1_BOUNDARY_Multi0_maxIter5_histSz1_v2_features.txt	b005_no_parallel_ws-w-rgx-unk-edg-st-en_1_BOUNDARY_Multi0_maxIter5_histSz1_v2_features.txt	0.7828163503797982	0.7828163503797982	0.7828163503797982	0.843152625281258	0.6379149479725632	0.6681056150915492
/home/entity/ml_entity_hybrid/target/AllFeatureExp/b005_no_parallel_ws-w-rgx-unk-edg-st-en_2_BOUNDARY_Multi0_maxIter5_histSz1_v2_features.txt	b005_no_parallel_ws-w-rgx-unk-edg-st-en_2_BOUNDARY_Multi0_maxIter5_histSz1_v2_features.txt	0.777343072923115	0.777343072923115	0.7773430729231149	0.8327236874167223	0.6333861222934234	0.6560129918775259
/home/entity/ml_entity_hybrid/target/AllFeatureExp/b005_no_parallel_ws-w-rgx-unk-edg-st-en_3_BOUNDARY_Multi0_maxIter5_histSz1_v2_features.txt	b005_no_parallel_ws-w-rgx-unk-edg-st-en_3_BOUNDARY_Multi0_maxIter5_histSz1_v2_features.txt	0.771456496045095	0.771456496045095	0.771456496045095	0.8322696399828409	0.6402672703617371	0.6588539816552131
/home/entity/ml_entity_hybrid/target/AllFeatureExp/b005_no_parallel_ws-w-rgx-unk-edg-st-en_4_BOUNDARY_Multi0_maxIter5_histSz1_v2_features.txt	b005_no_parallel_ws-w-rgx-unk-edg-st-en_4_BOUNDARY_Multi0_maxIter5_histSz1_v2_features.txt	0.7803117121246849	0.7803117121246849	0.7803117121246848	0.841870174204191	0.6490050718273234	0.6737004522675266
/home/entity/ml_entity_hybrid/target/AllFeatureExp/b005_no_parallel_ws-w-rgx-unk-edg-st-en_5_BOUNDARY_Multi0_maxIter5_histSz1_v2_features.txt	b005_no_parallel_ws-w-rgx-unk-edg-st-en_5_BOUNDARY_Multi0_maxIter5_histSz1_v2_features.txt	0.7743033132978988	0.7743033132978988	0.7743033132978988	0.8345855101325571	0.637493298190485	0.661384936533822
/home/entity/ml_entity_hybrid/target/AllFeatureExp/b005_parallel_ws-w-rgx-unk-edg-st-en_1_BOUNDARY_Multi0_maxIter5_histSz1_v2_features.txt	b005_parallel_ws-w-rgx-unk-edg-st-en_1_BOUNDARY_Multi0_maxIter5_histSz1_v2_features.txt	0.7828362379960367	0.7828362379960367	0.7828362379960369	0.8431603484814438	0.6380426575466607	0.6682802151607309
/home/entity/ml_entity_hybrid/target/AllFeatureExp/b005_parallel_ws-w-rgx-unk-edg-st-en_2_BOUNDARY_Multi0_maxIter5_histSz1_v2_features.txt	b005_parallel_ws-w-rgx-unk-edg-st-en_2_BOUNDARY_Multi0_maxIter5_histSz1_v2_features.txt	0.7773788595340084	0.7773788595340084	0.7773788595340084	0.8327522252745474	0.6334347651354236	0.6560551921794394
/home/entity/ml_entity_hybrid/target/AllFeatureExp/b005_parallel_ws-w-rgx-unk-edg-st-en_3_BOUNDARY_Multi0_maxIter5_histSz1_v2_features.txt	b005_parallel_ws-w-rgx-unk-edg-st-en_3_BOUNDARY_Multi0_maxIter5_histSz1_v2_features.txt	0.7714616905698116	0.7714616905698116	0.7714616905698115	0.8322743612352503	0.640273417201473	0.6588594979240691
/home/entity/ml_entity_hybrid/target/AllFeatureExp/b005_parallel_ws-w-rgx-unk-edg-st-en_4_BOUNDARY_Multi0_maxIter5_histSz1_v2_features.txt	b005_parallel_ws-w-rgx-unk-edg-st-en_4_BOUNDARY_Multi0_maxIter5_histSz1_v2_features.txt	0.7802608356826881	0.7802608356826881	0.7802608356826881	0.84129718850849	0.6488880442903524	0.6735165310177688
/home/entity/ml_entity_hybrid/target/AllFeatureExp/b005_parallel_ws-w-rgx-unk-edg-st-en_5_BOUNDARY_Multi0_maxIter5_histSz1_v2_features.txt	b005_parallel_ws-w-rgx-unk-edg-st-en_5_BOUNDARY_Multi0_maxIter5_histSz1_v2_features.txt	0.7743169398907104	0.7743169398907104	0.7743169398907104	0.8346630544077336	0.6375459688565857	0.6615584798946289
/home/entity/ml_entity_hybrid/target/AllFeatureExp/b010_w_1_BOUNDARY_Semantic_maxIter10_histSz1_v2_features.txt	b010_w_1_BOUNDARY_Semantic_maxIter10_histSz1_v2_features.txt	NaN	NaN	NaN	NaN	NaN	NaN
/home/entity/ml_entity_hybrid/target/AllFeatureExp/b010_w_1_BOUNDARY_Word_maxIter10_histSz1_v2_features.txt	b010_w_1_BOUNDARY_Word_maxIter10_histSz1_v2_features.txt	0.7793334129733605	0.7793334129733605	0.7793334129733605	0.7364566095854267	0.7154296524100681	0.722493233196925
/home/entity/ml_entity_hybrid/target/AllFeatureExp/b010_w_2_BOUNDARY_Semantic_maxIter10_histSz1_v2_features.txt	b010_w_2_BOUNDARY_Semantic_maxIter10_histSz1_v2_features.txt	NaN	NaN	NaN	NaN	NaN	NaN
/home/entity/ml_entity_hybrid/target/AllFeatureExp/b010_w_2_BOUNDARY_Word_maxIter10_histSz1_v2_features.txt	b010_w_2_BOUNDARY_Word_maxIter10_histSz1_v2_features.txt	0.7673068539042244	0.7673068539042244	0.7673068539042245	0.7193350016282977	0.7102813097644531	0.7126433803755551
/home/entity/ml_entity_hybrid/target/AllFeatureExp/b010_w_3_BOUNDARY_Semantic_maxIter10_histSz1_v2_features.txt	b010_w_3_BOUNDARY_Semantic_maxIter10_histSz1_v2_features.txt	NaN	NaN	NaN	NaN	NaN	NaN
/home/entity/ml_entity_hybrid/target/AllFeatureExp/b010_w_3_BOUNDARY_Word_maxIter10_histSz1_v2_features.txt	b010_w_3_BOUNDARY_Word_maxIter10_histSz1_v2_features.txt	0.7757094398941011	0.7757094398941011	0.775709439894101	0.739957307279179	0.7191015961645868	0.7233730143588825
/home/entity/ml_entity_hybrid/target/AllFeatureExp/b010_w_4_BOUNDARY_Semantic_maxIter10_histSz1_v2_features.txt	b010_w_4_BOUNDARY_Semantic_maxIter10_histSz1_v2_features.txt	NaN	NaN	NaN	NaN	NaN	NaN
/home/entity/ml_entity_hybrid/target/AllFeatureExp/b010_w_4_BOUNDARY_Word_maxIter10_histSz1_v2_features.txt	b010_w_4_BOUNDARY_Word_maxIter10_histSz1_v2_features.txt	0.7639380625346586	0.7639380625346586	0.7639380625346586	0.7168022925979964	0.7141667297304832	0.7151159748053921
/home/entity/ml_entity_hybrid/target/AllFeatureExp/b010_w_5_BOUNDARY_Semantic_maxIter10_histSz1_v2_features.txt	b010_w_5_BOUNDARY_Semantic_maxIter10_histSz1_v2_features.txt	NaN	NaN	NaN	NaN	NaN	NaN
/home/entity/ml_entity_hybrid/target/AllFeatureExp/b010_w_5_BOUNDARY_Word_maxIter10_histSz1_v2_features.txt	b010_w_5_BOUNDARY_Word_maxIter10_histSz1_v2_features.txt	0.7752732550229036	0.7752732550229036	0.7752732550229036	0.7325842562142943	0.7110240123740844	0.7167365490729464
